<?xml version="1.0" encoding="UTF-8"?>
<!-- Generated by org.testng.reporters.JUnitReportReporter -->
<testsuite hostname="Mina-William-PC" failures="0" tests="1" name="automationTesting.SmokeTest" time="29.437" errors="0" timestamp="09 Aug 2020 23:50:54 GMT" skipped="0">
  <testcase classname="automationTesting.SmokeTest" name="test_101" time="29.437"/>
</testsuite> <!-- automationTesting.SmokeTest -->
